**************** LOG SESSION START ON 17/03/2017 00:00:00 AT 12:53:46.9846894 ****************
17/03/2017 12:53:46: Reading Application Settings from path: D:\TallyBridgeTool\DLL
17/03/2017 12:53:47: Checking credentials...
17/03/2017 12:53:47: Checking serial no...
17/03/2017 12:53:47: Response from Tally: "0",

17/03/2017 12:53:47: License Check 1 Passed...
17/03/2017 12:53:47: DLL folder path: D:\TallyBridgeTool\DLL
17/03/2017 12:53:47: License Check 2 Passed...
17/03/2017 12:53:47: License Check 3 Passed...
17/03/2017 12:53:47: License Check 4 Passed...
17/03/2017 12:53:47: Uploading Ledger: Aravind
**************** LOG SESSION START ON 17/03/2017 00:00:00 AT 12:56:16.2864557 ****************
17/03/2017 12:56:16: Reading Application Settings from path: D:\TallyBridgeTool\DLL
17/03/2017 12:56:16: Checking credentials...
17/03/2017 12:56:16: Checking serial no...
17/03/2017 12:56:16: Response from Tally: "0",

17/03/2017 12:56:16: License Check 1 Passed...
17/03/2017 12:56:16: DLL folder path: D:\TallyBridgeTool\DLL
17/03/2017 12:56:16: License Check 2 Passed...
17/03/2017 12:56:16: License Check 3 Passed...
17/03/2017 12:56:16: License Check 4 Passed...
17/03/2017 12:56:16: Uploading Ledger: Aravind
**************** LOG SESSION START ON 17/03/2017 00:00:00 AT 13:00:02.6897555 ****************
17/03/2017 13:00:02: Reading Application Settings from path: D:\TallyBridgeTool\DLL
17/03/2017 13:00:02: Checking credentials...
17/03/2017 13:00:02: Checking serial no...
17/03/2017 13:00:03: Response from Tally: "0",

17/03/2017 13:00:03: License Check 1 Passed...
17/03/2017 13:00:03: DLL folder path: D:\TallyBridgeTool\DLL
17/03/2017 13:00:03: License Check 2 Passed...
17/03/2017 13:00:03: License Check 3 Passed...
17/03/2017 13:00:03: License Check 4 Passed...
17/03/2017 13:00:03: Uploading Ledger: Aravind
**************** LOG SESSION START ON 17/03/2017 00:00:00 AT 13:01:05.8675978 ****************
17/03/2017 13:01:05: Reading Application Settings from path: D:\TallyBridgeTool\DLL
17/03/2017 13:01:05: Checking credentials...
17/03/2017 13:01:05: Checking serial no...
17/03/2017 13:01:06: Response from Tally: "0",

17/03/2017 13:01:06: License Check 1 Passed...
17/03/2017 13:01:06: DLL folder path: D:\TallyBridgeTool\DLL
17/03/2017 13:01:06: License Check 2 Passed...
17/03/2017 13:01:06: License Check 3 Passed...
17/03/2017 13:01:06: License Check 4 Passed...
17/03/2017 13:01:06: Uploading Ledger: Aravind
**************** LOG SESSION START ON 17/03/2017 00:00:00 AT 13:02:27.7514659 ****************
17/03/2017 13:02:27: Reading Application Settings from path: D:\TallyBridgeTool\DLL
17/03/2017 13:02:27: Checking credentials...
17/03/2017 13:02:27: Checking serial no...
17/03/2017 13:02:28: Response from Tally: "0",

17/03/2017 13:02:28: License Check 1 Passed...
17/03/2017 13:02:28: DLL folder path: D:\TallyBridgeTool\DLL
17/03/2017 13:02:28: License Check 2 Passed...
17/03/2017 13:02:28: License Check 3 Passed...
17/03/2017 13:02:28: License Check 4 Passed...
17/03/2017 13:02:28: Uploading Ledger: Aravind
**************** LOG SESSION START ON 17/03/2017 00:00:00 AT 13:03:27.0814873 ****************
17/03/2017 13:03:27: Reading Application Settings from path: D:\TallyBridgeTool\DLL
17/03/2017 13:03:27: Checking credentials...
17/03/2017 13:03:27: Checking serial no...
17/03/2017 13:03:27: Response from Tally: "0",

17/03/2017 13:03:27: License Check 1 Passed...
17/03/2017 13:03:27: DLL folder path: D:\TallyBridgeTool\DLL
17/03/2017 13:03:27: License Check 2 Passed...
17/03/2017 13:03:27: License Check 3 Passed...
17/03/2017 13:03:27: License Check 4 Passed...
17/03/2017 13:03:27: Uploading Ledger: Aravind
**************** LOG SESSION START ON 17/03/2017 00:00:00 AT 17:03:37.4728431 ****************
17/03/2017 17:03:37: Reading Application Settings from path: D:\TallyBridgeTool\DLL
17/03/2017 17:03:37: Checking credentials...
17/03/2017 17:03:37: Checking serial no...
17/03/2017 17:03:37: Response from Tally: "0",

17/03/2017 17:03:37: License Check 1 Passed...
17/03/2017 17:03:37: DLL folder path: D:\TallyBridgeTool\DLL
17/03/2017 17:03:37: License Check 2 Passed...
17/03/2017 17:03:37: License Check 3 Passed...
17/03/2017 17:03:37: License Check 4 Passed...
17/03/2017 17:03:38: Uploading Ledger: Aravind 123
**************** LOG SESSION START ON 17/03/2017 00:00:00 AT 17:06:32.5428601 ****************
17/03/2017 17:06:32: Reading Application Settings from path: D:\TallyBridgeTool\DLL
**************** LOG SESSION START ON 21/03/2017 00:00:00 AT 14:55:06.9183994 ****************
21/03/2017 14:55:06: Reading Application Settings from path: D:\TallyBridgeTool\DLL
**************** LOG SESSION START ON 21/03/2017 00:00:00 AT 14:56:01.1651255 ****************
21/03/2017 14:56:01: Reading Application Settings from path: D:\TallyBridgeTool\DLL
**************** LOG SESSION START ON 21/03/2017 00:00:00 AT 14:56:37.3654601 ****************
21/03/2017 14:56:37: Reading Application Settings from path: D:\TallyBridgeTool\DLL
**************** LOG SESSION START ON 21/03/2017 00:00:00 AT 14:57:43.0475497 ****************
21/03/2017 14:57:43: Reading Application Settings from path: D:\TallyBridgeTool\DLL
**************** LOG SESSION START ON 21/03/2017 00:00:00 AT 15:00:36.3543936 ****************
21/03/2017 15:00:36: Reading Application Settings from path: D:\TallyBridgeTool\DLL
**************** LOG SESSION START ON 21/03/2017 00:00:00 AT 15:08:28.5733209 ****************
21/03/2017 15:08:28: Reading Application Settings from path: D:\TallyBridgeTool\DLL
**************** LOG SESSION START ON 21/03/2017 00:00:00 AT 15:09:49.5075836 ****************
21/03/2017 15:09:49: Reading Application Settings from path: D:\TallyBridgeTool\DLL
**************** LOG SESSION START ON 21/03/2017 00:00:00 AT 15:11:06.7246920 ****************
21/03/2017 15:11:06: Reading Application Settings from path: D:\TallyBridgeTool\DLL
**************** LOG SESSION START ON 21/03/2017 00:00:00 AT 15:14:21.3685241 ****************
21/03/2017 15:14:21: Reading Application Settings from path: D:\TallyBridgeTool\DLL
**************** LOG SESSION START ON 21/03/2017 00:00:00 AT 15:14:54.0884052 ****************
21/03/2017 15:14:54: Reading Application Settings from path: D:\TallyBridgeTool\DLL
**************** LOG SESSION START ON 21/03/2017 00:00:00 AT 15:15:34.0142792 ****************
21/03/2017 15:15:34: Reading Application Settings from path: D:\TallyBridgeTool\DLL
**************** LOG SESSION START ON 21/03/2017 00:00:00 AT 15:16:37.2156704 ****************
21/03/2017 15:16:37: Reading Application Settings from path: D:\TallyBridgeTool\DLL
**************** LOG SESSION START ON 21/03/2017 00:00:00 AT 15:18:33.4412492 ****************
21/03/2017 15:18:33: Reading Application Settings from path: D:\TallyBridgeTool\DLL
**************** LOG SESSION START ON 21/03/2017 00:00:00 AT 15:25:14.2582893 ****************
21/03/2017 15:25:14: Reading Application Settings from path: D:\TallyBridgeTool\DLL
**************** LOG SESSION START ON 21/03/2017 00:00:00 AT 15:30:54.3155814 ****************
21/03/2017 15:30:54: Reading Application Settings from path: D:\TallyBridgeTool\DLL
**************** LOG SESSION START ON 21/03/2017 00:00:00 AT 17:46:12.8579448 ****************
21/03/2017 17:46:12: Reading Application Settings from path: D:\TallyBridgeTool\DLL
**************** LOG SESSION START ON 21/03/2017 00:00:00 AT 17:46:40.9235766 ****************
21/03/2017 17:46:40: Reading Application Settings from path: D:\TallyBridgeTool\DLL
**************** LOG SESSION START ON 21/03/2017 00:00:00 AT 17:47:10.5239487 ****************
21/03/2017 17:47:10: Reading Application Settings from path: D:\TallyBridgeTool\DLL
21/03/2017 17:47:10: Checking credentials...
21/03/2017 17:47:10: Checking serial no...
21/03/2017 17:47:10: Response from Tally: "0",

21/03/2017 17:47:10: License Check 1 Passed...
21/03/2017 17:47:10: DLL folder path: D:\TallyBridgeTool\DLL
21/03/2017 17:47:10: License Check 2 Passed...
21/03/2017 17:47:11: License Check 3 Passed...
21/03/2017 17:47:11: License Check 4 Passed...
21/03/2017 17:47:11: Uploading Stock Item: Plain Note Book One
**************** LOG SESSION START ON 21/03/2017 00:00:00 AT 17:47:27.9634469 ****************
21/03/2017 17:47:27: Reading Application Settings from path: D:\TallyBridgeTool\DLL
21/03/2017 17:47:27: Checking credentials...
21/03/2017 17:47:28: Checking serial no...
21/03/2017 17:47:28: Response from Tally: "0",

21/03/2017 17:47:28: License Check 1 Passed...
21/03/2017 17:47:28: DLL folder path: D:\TallyBridgeTool\DLL
21/03/2017 17:47:28: License Check 2 Passed...
21/03/2017 17:47:28: License Check 3 Passed...
21/03/2017 17:47:28: License Check 4 Passed...
21/03/2017 17:47:28: Uploading Stock Item: Plain Note Book One
**************** LOG SESSION START ON 21/03/2017 00:00:00 AT 17:47:38.6019048 ****************
21/03/2017 17:47:38: Reading Application Settings from path: D:\TallyBridgeTool\DLL
21/03/2017 17:47:38: Checking credentials...
21/03/2017 17:47:38: Checking serial no...
21/03/2017 17:47:39: Response from Tally: "0",

21/03/2017 17:47:39: License Check 1 Passed...
21/03/2017 17:47:39: DLL folder path: D:\TallyBridgeTool\DLL
21/03/2017 17:47:39: License Check 2 Passed...
21/03/2017 17:47:39: License Check 3 Passed...
21/03/2017 17:47:39: License Check 4 Passed...
21/03/2017 17:47:39: Uploading Stock Item: Plain Note Book One
**************** LOG SESSION START ON 21/03/2017 00:00:00 AT 19:06:50.6545891 ****************
21/03/2017 19:06:50: Reading Application Settings from path: D:\TallyBridgeTool\DLL
**************** LOG SESSION START ON 21/03/2017 00:00:00 AT 19:08:33.3400717 ****************
21/03/2017 19:08:33: Reading Application Settings from path: D:\TallyBridgeTool\DLL
**************** LOG SESSION START ON 21/03/2017 00:00:00 AT 19:08:59.1211509 ****************
21/03/2017 19:08:59: Reading Application Settings from path: D:\TallyBridgeTool\DLL
**************** LOG SESSION START ON 21/03/2017 00:00:00 AT 19:09:26.0689951 ****************
21/03/2017 19:09:26: Reading Application Settings from path: D:\TallyBridgeTool\DLL
**************** LOG SESSION START ON 21/03/2017 00:00:00 AT 19:09:45.7228124 ****************
21/03/2017 19:09:45: Reading Application Settings from path: D:\TallyBridgeTool\DLL
**************** LOG SESSION START ON 21/03/2017 00:00:00 AT 19:10:23.9995771 ****************
21/03/2017 19:10:24: Reading Application Settings from path: D:\TallyBridgeTool\DLL
**************** LOG SESSION START ON 21/03/2017 00:00:00 AT 19:33:41.2341875 ****************
21/03/2017 19:33:41: Reading Application Settings from path: D:\TallyBridgeTool\DLL
**************** LOG SESSION START ON 21/03/2017 00:00:00 AT 19:34:40.8565607 ****************
21/03/2017 19:34:40: Reading Application Settings from path: D:\TallyBridgeTool\DLL
**************** LOG SESSION START ON 21/03/2017 00:00:00 AT 19:35:05.8482577 ****************
21/03/2017 19:35:05: Reading Application Settings from path: D:\TallyBridgeTool\DLL
**************** LOG SESSION START ON 21/03/2017 00:00:00 AT 19:35:27.8545276 ****************
21/03/2017 19:35:27: Reading Application Settings from path: D:\TallyBridgeTool\DLL
**************** LOG SESSION START ON 21/03/2017 00:00:00 AT 19:35:52.3275907 ****************
21/03/2017 19:35:52: Reading Application Settings from path: D:\TallyBridgeTool\DLL
**************** LOG SESSION START ON 21/03/2017 00:00:00 AT 19:37:23.6365497 ****************
21/03/2017 19:37:23: Reading Application Settings from path: D:\TallyBridgeTool\DLL
21/03/2017 19:37:24: Inside DoTransferVoucher
21/03/2017 19:37:24: Checking credentials...
21/03/2017 19:37:24: Checking serial no...
21/03/2017 19:37:25: Response from Tally: "0",

21/03/2017 19:37:25: License Check 1 Passed...
21/03/2017 19:37:25: DLL folder path: D:\TallyBridgeTool\DLL
21/03/2017 19:37:25: License Check 2 Passed...
21/03/2017 19:37:25: License Check 3 Passed...
21/03/2017 19:37:25: License Check 4 Passed...
21/03/2017 19:37:25: Tally Company Name: Mieone
21/03/2017 19:37:25: Loading Voucher Types for company
21/03/2017 19:37:25: No. of Voucher Types Loaded: 24
21/03/2017 19:37:25: Processing Request for Voucher Type: Sales, Type of Voucher: Sales
21/03/2017 19:37:25: Uploading Voucher no. 1
**************** LOG SESSION START ON 21/03/2017 00:00:00 AT 19:37:42.4947989 ****************
21/03/2017 19:37:42: Reading Application Settings from path: D:\TallyBridgeTool\DLL
**************** LOG SESSION START ON 21/03/2017 00:00:00 AT 19:38:19.9321068 ****************
21/03/2017 19:38:19: Reading Application Settings from path: D:\TallyBridgeTool\DLL
21/03/2017 19:38:20: Inside DoTransferVoucher
21/03/2017 19:38:20: Checking credentials...
21/03/2017 19:38:20: Checking serial no...
21/03/2017 19:38:21: Response from Tally: "0",

21/03/2017 19:38:21: License Check 1 Passed...
21/03/2017 19:38:21: DLL folder path: D:\TallyBridgeTool\DLL
21/03/2017 19:38:21: License Check 2 Passed...
21/03/2017 19:38:21: License Check 3 Passed...
21/03/2017 19:38:21: License Check 4 Passed...
21/03/2017 19:38:21: Tally Company Name: Mieone
21/03/2017 19:38:21: Loading Voucher Types for company
21/03/2017 19:38:21: No. of Voucher Types Loaded: 24
21/03/2017 19:38:21: Processing Request for Voucher Type: Sales, Type of Voucher: Sales
21/03/2017 19:38:21: Uploading Voucher no. 1
**************** LOG SESSION START ON 21/03/2017 00:00:00 AT 19:39:11.7906615 ****************
21/03/2017 19:39:11: Reading Application Settings from path: D:\TallyBridgeTool\DLL
**************** LOG SESSION START ON 21/03/2017 00:00:00 AT 19:40:09.0778355 ****************
21/03/2017 19:40:09: Reading Application Settings from path: D:\TallyBridgeTool\DLL
21/03/2017 19:40:10: Inside DoTransferVoucher
21/03/2017 19:40:10: Checking credentials...
21/03/2017 19:40:10: Checking serial no...
21/03/2017 19:40:10: Response from Tally: "0",

21/03/2017 19:40:10: License Check 1 Passed...
21/03/2017 19:40:10: DLL folder path: D:\TallyBridgeTool\DLL
21/03/2017 19:40:10: License Check 2 Passed...
21/03/2017 19:40:10: License Check 3 Passed...
21/03/2017 19:40:10: License Check 4 Passed...
21/03/2017 19:40:10: Tally Company Name: Mieone
21/03/2017 19:40:10: Loading Voucher Types for company
21/03/2017 19:40:10: No. of Voucher Types Loaded: 24
21/03/2017 19:40:10: Processing Request for Voucher Type: Sales, Type of Voucher: Sales
21/03/2017 19:40:10: Uploading Voucher no. 1
**************** LOG SESSION START ON 21/03/2017 00:00:00 AT 19:41:02.0483441 ****************
21/03/2017 19:41:02: Reading Application Settings from path: D:\TallyBridgeTool\DLL
21/03/2017 19:41:02: Inside DoTransferVoucher
21/03/2017 19:41:02: Checking credentials...
21/03/2017 19:41:02: Checking serial no...
21/03/2017 19:41:02: Response from Tally: "0",

21/03/2017 19:41:02: License Check 1 Passed...
21/03/2017 19:41:02: DLL folder path: D:\TallyBridgeTool\DLL
21/03/2017 19:41:02: License Check 2 Passed...
21/03/2017 19:41:02: License Check 3 Passed...
21/03/2017 19:41:02: License Check 4 Passed...
21/03/2017 19:41:02: Tally Company Name: Mieone
21/03/2017 19:41:02: Loading Voucher Types for company
21/03/2017 19:41:02: No. of Voucher Types Loaded: 24
21/03/2017 19:41:02: Processing Request for Voucher Type: Sales, Type of Voucher: Sales
21/03/2017 19:41:02: Uploading Voucher no. 1
**************** LOG SESSION START ON 21/03/2017 00:00:00 AT 19:41:21.2355950 ****************
21/03/2017 19:41:21: Reading Application Settings from path: D:\TallyBridgeTool\DLL
21/03/2017 19:41:21: Inside DoTransferVoucher
21/03/2017 19:41:21: Checking credentials...
21/03/2017 19:41:21: Checking serial no...
21/03/2017 19:41:21: Response from Tally: "0",

21/03/2017 19:41:21: License Check 1 Passed...
21/03/2017 19:41:21: DLL folder path: D:\TallyBridgeTool\DLL
21/03/2017 19:41:21: License Check 2 Passed...
21/03/2017 19:41:21: License Check 3 Passed...
21/03/2017 19:41:21: License Check 4 Passed...
21/03/2017 19:41:21: Tally Company Name: Mieone
21/03/2017 19:41:21: Loading Voucher Types for company
21/03/2017 19:41:21: No. of Voucher Types Loaded: 24
21/03/2017 19:41:21: Processing Request for Voucher Type: Sales, Type of Voucher: Sales
21/03/2017 19:41:21: Uploading Voucher no. 1
**************** LOG SESSION START ON 21/03/2017 00:00:00 AT 19:44:15.2530490 ****************
21/03/2017 19:44:15: Reading Application Settings from path: D:\TallyBridgeTool\DLL
21/03/2017 19:44:15: Inside DoTransferVoucher
21/03/2017 19:44:15: Checking credentials...
21/03/2017 19:44:15: Checking serial no...
21/03/2017 19:44:15: Response from Tally: "0",

21/03/2017 19:44:15: License Check 1 Passed...
21/03/2017 19:44:15: DLL folder path: D:\TallyBridgeTool\DLL
21/03/2017 19:44:15: License Check 2 Passed...
21/03/2017 19:44:15: License Check 3 Passed...
21/03/2017 19:44:15: License Check 4 Passed...
21/03/2017 19:44:15: Tally Company Name: Mieone
21/03/2017 19:44:15: Loading Voucher Types for company
21/03/2017 19:44:15: No. of Voucher Types Loaded: 24
21/03/2017 19:44:15: Processing Request for Voucher Type: Sales, Type of Voucher: Sales
21/03/2017 19:44:15: Uploading Voucher no. 1
**************** LOG SESSION START ON 21/03/2017 00:00:00 AT 19:44:53.8835282 ****************
21/03/2017 19:44:53: Reading Application Settings from path: D:\TallyBridgeTool\DLL
21/03/2017 19:44:53: Inside DoTransferVoucher
21/03/2017 19:44:53: Checking credentials...
21/03/2017 19:44:53: Checking serial no...
21/03/2017 19:44:54: Response from Tally: "0",

21/03/2017 19:44:54: License Check 1 Passed...
21/03/2017 19:44:54: DLL folder path: D:\TallyBridgeTool\DLL
21/03/2017 19:44:54: License Check 2 Passed...
21/03/2017 19:44:54: License Check 3 Passed...
21/03/2017 19:44:54: License Check 4 Passed...
21/03/2017 19:44:54: Tally Company Name: Mieone
21/03/2017 19:44:54: Loading Voucher Types for company
21/03/2017 19:44:54: No. of Voucher Types Loaded: 24
21/03/2017 19:44:54: Processing Request for Voucher Type: Sales, Type of Voucher: Sales
21/03/2017 19:44:54: Uploading Voucher no. 1
**************** LOG SESSION START ON 21/03/2017 00:00:00 AT 19:45:24.5404179 ****************
21/03/2017 19:45:24: Reading Application Settings from path: D:\TallyBridgeTool\DLL
21/03/2017 19:45:24: Inside DoTransferVoucher
21/03/2017 19:45:24: Checking credentials...
21/03/2017 19:45:24: Checking serial no...
21/03/2017 19:45:25: Response from Tally: "0",

21/03/2017 19:45:25: License Check 1 Passed...
21/03/2017 19:45:25: DLL folder path: D:\TallyBridgeTool\DLL
21/03/2017 19:45:25: License Check 2 Passed...
21/03/2017 19:45:25: License Check 3 Passed...
21/03/2017 19:45:25: License Check 4 Passed...
21/03/2017 19:45:25: Tally Company Name: Mieone
21/03/2017 19:45:25: Loading Voucher Types for company
21/03/2017 19:45:25: No. of Voucher Types Loaded: 24
21/03/2017 19:45:25: Processing Request for Voucher Type: Sales, Type of Voucher: Sales
21/03/2017 19:45:25: Uploading Voucher no. 1
**************** LOG SESSION START ON 21/03/2017 00:00:00 AT 19:46:20.5465828 ****************
21/03/2017 19:46:20: Reading Application Settings from path: D:\TallyBridgeTool\DLL
21/03/2017 19:46:20: Inside DoTransferVoucher
21/03/2017 19:46:20: Checking credentials...
21/03/2017 19:46:20: Checking serial no...
21/03/2017 19:46:21: Response from Tally: "0",

21/03/2017 19:46:21: License Check 1 Passed...
21/03/2017 19:46:21: DLL folder path: D:\TallyBridgeTool\DLL
21/03/2017 19:46:21: License Check 2 Passed...
21/03/2017 19:46:21: License Check 3 Passed...
21/03/2017 19:46:21: License Check 4 Passed...
21/03/2017 19:46:21: Tally Company Name: Mieone
21/03/2017 19:46:21: Loading Voucher Types for company
21/03/2017 19:46:21: No. of Voucher Types Loaded: 24
21/03/2017 19:46:21: Processing Request for Voucher Type: Sales, Type of Voucher: Sales
21/03/2017 19:46:21: Uploading Voucher no. 1
**************** LOG SESSION START ON 21/03/2017 00:00:00 AT 19:46:43.9618272 ****************
21/03/2017 19:46:43: Reading Application Settings from path: D:\TallyBridgeTool\DLL
21/03/2017 19:46:43: Inside DoTransferVoucher
21/03/2017 19:46:43: Checking credentials...
21/03/2017 19:46:44: Checking serial no...
21/03/2017 19:46:44: Response from Tally: "0",

21/03/2017 19:46:44: License Check 1 Passed...
21/03/2017 19:46:44: DLL folder path: D:\TallyBridgeTool\DLL
21/03/2017 19:46:44: License Check 2 Passed...
21/03/2017 19:46:44: License Check 3 Passed...
21/03/2017 19:46:44: License Check 4 Passed...
21/03/2017 19:46:44: Tally Company Name: Mieone
21/03/2017 19:46:44: Loading Voucher Types for company
21/03/2017 19:46:44: No. of Voucher Types Loaded: 24
21/03/2017 19:46:44: Processing Request for Voucher Type: Sales, Type of Voucher: Sales
21/03/2017 19:46:44: Uploading Voucher no. 1
**************** LOG SESSION START ON 21/03/2017 00:00:00 AT 19:47:09.3098237 ****************
21/03/2017 19:47:09: Reading Application Settings from path: D:\TallyBridgeTool\DLL
21/03/2017 19:47:09: Inside DoTransferVoucher
21/03/2017 19:47:09: Checking credentials...
21/03/2017 19:47:09: Checking serial no...
21/03/2017 19:47:09: Response from Tally: "0",

21/03/2017 19:47:09: License Check 1 Passed...
21/03/2017 19:47:09: DLL folder path: D:\TallyBridgeTool\DLL
21/03/2017 19:47:09: License Check 2 Passed...
21/03/2017 19:47:09: License Check 3 Passed...
21/03/2017 19:47:09: License Check 4 Passed...
21/03/2017 19:47:09: Tally Company Name: Mieone
21/03/2017 19:47:09: Loading Voucher Types for company
21/03/2017 19:47:09: No. of Voucher Types Loaded: 24
21/03/2017 19:47:09: Processing Request for Voucher Type: Sales, Type of Voucher: Sales
21/03/2017 19:47:09: Uploading Voucher no. 1
**************** LOG SESSION START ON 21/03/2017 00:00:00 AT 19:47:33.2333632 ****************
21/03/2017 19:47:33: Reading Application Settings from path: D:\TallyBridgeTool\DLL
21/03/2017 19:47:33: Inside DoTransferVoucher
21/03/2017 19:47:33: Checking credentials...
21/03/2017 19:47:33: Checking serial no...
21/03/2017 19:47:33: Response from Tally: "0",

21/03/2017 19:47:33: License Check 1 Passed...
21/03/2017 19:47:33: DLL folder path: D:\TallyBridgeTool\DLL
21/03/2017 19:47:33: License Check 2 Passed...
21/03/2017 19:47:33: License Check 3 Passed...
21/03/2017 19:47:33: License Check 4 Passed...
21/03/2017 19:47:33: Tally Company Name: Mieone
21/03/2017 19:47:33: Loading Voucher Types for company
21/03/2017 19:47:33: No. of Voucher Types Loaded: 24
21/03/2017 19:47:33: Processing Request for Voucher Type: Sales, Type of Voucher: Sales
21/03/2017 19:47:33: Uploading Voucher no. 1
**************** LOG SESSION START ON 21/03/2017 00:00:00 AT 19:47:54.5478140 ****************
21/03/2017 19:47:54: Reading Application Settings from path: D:\TallyBridgeTool\DLL
21/03/2017 19:47:54: Inside DoTransferVoucher
21/03/2017 19:47:54: Checking credentials...
21/03/2017 19:47:54: Checking serial no...
21/03/2017 19:47:55: Response from Tally: "0",

21/03/2017 19:47:55: License Check 1 Passed...
21/03/2017 19:47:55: DLL folder path: D:\TallyBridgeTool\DLL
21/03/2017 19:47:55: License Check 2 Passed...
21/03/2017 19:47:55: License Check 3 Passed...
21/03/2017 19:47:55: License Check 4 Passed...
21/03/2017 19:47:55: Tally Company Name: Mieone
21/03/2017 19:47:55: Loading Voucher Types for company
21/03/2017 19:47:55: No. of Voucher Types Loaded: 24
21/03/2017 19:47:55: Processing Request for Voucher Type: Sales, Type of Voucher: Sales
21/03/2017 19:47:55: Uploading Voucher no. 1
**************** LOG SESSION START ON 22/03/2017 00:00:00 AT 09:40:20.1830026 ****************
22/03/2017 09:40:20: Reading Application Settings from path: D:\TallyBridgeTool\DLL
22/03/2017 09:40:20: Inside DoTransferVoucher
22/03/2017 09:40:20: Checking credentials...
22/03/2017 09:40:20: Checking serial no...
22/03/2017 09:40:21: Response from Tally: "0",

22/03/2017 09:40:21: License Check 1 Passed...
22/03/2017 09:40:21: DLL folder path: D:\TallyBridgeTool\DLL
22/03/2017 09:40:21: License Check 2 Passed...
22/03/2017 09:40:21: License Check 3 Passed...
22/03/2017 09:40:21: License Check 4 Passed...
22/03/2017 09:40:21: Tally Company Name: Mieone
22/03/2017 09:40:21: Loading Voucher Types for company
22/03/2017 09:40:21: No. of Voucher Types Loaded: 24
22/03/2017 09:40:21: Processing Request for Voucher Type: Sales, Type of Voucher: Sales
22/03/2017 09:40:22: Uploading Voucher no. 1
**************** LOG SESSION START ON 22/03/2017 00:00:00 AT 09:41:02.6294242 ****************
22/03/2017 09:41:02: Reading Application Settings from path: D:\TallyBridgeTool\DLL
22/03/2017 09:42:02: Inside DoTransferVoucher
22/03/2017 09:42:02: Checking credentials...
22/03/2017 09:42:02: Checking serial no...
22/03/2017 09:42:02: Response from Tally: "0",

22/03/2017 09:42:02: License Check 1 Passed...
22/03/2017 09:42:02: DLL folder path: D:\TallyBridgeTool\DLL
22/03/2017 09:42:02: License Check 2 Passed...
22/03/2017 09:42:02: License Check 3 Passed...
22/03/2017 09:42:02: License Check 4 Passed...
22/03/2017 09:42:02: Tally Company Name: Mieone
22/03/2017 09:42:02: Loading Voucher Types for company
22/03/2017 09:42:02: No. of Voucher Types Loaded: 24
22/03/2017 09:42:02: Processing Request for Voucher Type: Sales, Type of Voucher: Sales
22/03/2017 09:42:02: Uploading Voucher no. 1
**************** LOG SESSION START ON 22/03/2017 00:00:00 AT 11:11:35.3462048 ****************
22/03/2017 11:11:35: Reading Application Settings from path: D:\TallyBridgeTool\DLL
22/03/2017 11:11:37: Inside DoTransferVoucher
22/03/2017 11:11:37: Checking credentials...
22/03/2017 11:11:37: Checking serial no...
22/03/2017 11:11:37: Response from Tally: "0",

22/03/2017 11:11:37: License Check 1 Passed...
22/03/2017 11:11:37: DLL folder path: D:\TallyBridgeTool\DLL
22/03/2017 11:11:37: License Check 2 Passed...
22/03/2017 11:11:37: License Check 3 Passed...
22/03/2017 11:11:37: License Check 4 Passed...
22/03/2017 11:11:37: Tally Company Name: Mieone
22/03/2017 11:11:37: Loading Voucher Types for company
22/03/2017 11:11:37: No. of Voucher Types Loaded: 24
22/03/2017 11:11:37: Processing Request for Voucher Type: Sales, Type of Voucher: Sales
22/03/2017 11:11:37: Uploading Voucher no. 1
**************** LOG SESSION START ON 22/03/2017 00:00:00 AT 11:16:45.5660960 ****************
22/03/2017 11:16:45: Reading Application Settings from path: D:\TallyBridgeTool\DLL
**************** LOG SESSION START ON 22/03/2017 00:00:00 AT 11:17:13.5024585 ****************
22/03/2017 11:17:13: Reading Application Settings from path: D:\TallyBridgeTool\DLL
**************** LOG SESSION START ON 22/03/2017 00:00:00 AT 11:18:10.2680706 ****************
22/03/2017 11:18:10: Reading Application Settings from path: D:\TallyBridgeTool\DLL
**************** LOG SESSION START ON 22/03/2017 00:00:00 AT 11:18:36.5189832 ****************
22/03/2017 11:18:36: Reading Application Settings from path: D:\TallyBridgeTool\DLL
**************** LOG SESSION START ON 22/03/2017 00:00:00 AT 11:20:07.8599816 ****************
22/03/2017 11:20:07: Reading Application Settings from path: D:\TallyBridgeTool\DLL
**************** LOG SESSION START ON 22/03/2017 00:00:00 AT 11:21:58.7839051 ****************
22/03/2017 11:21:58: Reading Application Settings from path: D:\TallyBridgeTool\DLL
**************** LOG SESSION START ON 22/03/2017 00:00:00 AT 11:22:46.8383738 ****************
22/03/2017 11:22:46: Reading Application Settings from path: D:\TallyBridgeTool\DLL
22/03/2017 11:22:48: Inside DoTransferVoucher
22/03/2017 11:22:48: Checking credentials...
22/03/2017 11:22:48: Checking serial no...
22/03/2017 11:22:49: Response from Tally: "0",

22/03/2017 11:22:49: License Check 1 Passed...
22/03/2017 11:22:49: DLL folder path: D:\TallyBridgeTool\DLL
22/03/2017 11:22:49: License Check 2 Passed...
22/03/2017 11:22:49: License Check 3 Passed...
22/03/2017 11:22:49: License Check 4 Passed...
22/03/2017 11:22:49: Tally Company Name: Mieone
22/03/2017 11:22:49: Loading Voucher Types for company
22/03/2017 11:22:49: No. of Voucher Types Loaded: 24
22/03/2017 11:22:49: Processing Request for Voucher Type: Sales, Type of Voucher: Sales
22/03/2017 11:22:49: Uploading Voucher no. 1
**************** LOG SESSION START ON 22/03/2017 00:00:00 AT 11:23:57.0597046 ****************
22/03/2017 11:23:57: Reading Application Settings from path: D:\TallyBridgeTool\DLL
22/03/2017 11:23:58: Inside DoTransferVoucher
22/03/2017 11:23:58: Checking credentials...
22/03/2017 11:23:58: Checking serial no...
22/03/2017 11:23:58: Response from Tally: "0",

22/03/2017 11:23:58: License Check 1 Passed...
22/03/2017 11:23:58: DLL folder path: D:\TallyBridgeTool\DLL
22/03/2017 11:23:58: License Check 2 Passed...
22/03/2017 11:23:58: License Check 3 Passed...
22/03/2017 11:23:58: License Check 4 Passed...
22/03/2017 11:23:58: Tally Company Name: Mieone
22/03/2017 11:23:58: Loading Voucher Types for company
22/03/2017 11:23:58: No. of Voucher Types Loaded: 24
22/03/2017 11:23:58: Processing Request for Voucher Type: Sales, Type of Voucher: Sales
22/03/2017 11:23:58: Uploading Voucher no. 1
**************** LOG SESSION START ON 22/03/2017 00:00:00 AT 11:27:09.9363888 ****************
22/03/2017 11:27:09: Reading Application Settings from path: D:\TallyBridgeTool\DLL
22/03/2017 11:27:11: Inside DoTransferVoucher
22/03/2017 11:27:11: Checking credentials...
22/03/2017 11:27:11: Checking serial no...
22/03/2017 11:27:11: Response from Tally: "0",

22/03/2017 11:27:11: License Check 1 Passed...
22/03/2017 11:27:11: DLL folder path: D:\TallyBridgeTool\DLL
22/03/2017 11:27:11: License Check 2 Passed...
22/03/2017 11:27:11: License Check 3 Passed...
22/03/2017 11:27:11: License Check 4 Passed...
22/03/2017 11:27:11: Tally Company Name: Mieone
22/03/2017 11:27:11: Loading Voucher Types for company
22/03/2017 11:27:11: No. of Voucher Types Loaded: 24
22/03/2017 11:27:11: Processing Request for Voucher Type: Sales, Type of Voucher: Sales
22/03/2017 11:27:11: Uploading Voucher no. 1
**************** LOG SESSION START ON 22/03/2017 00:00:00 AT 11:29:13.2041490 ****************
22/03/2017 11:29:13: Reading Application Settings from path: D:\TallyBridgeTool\DLL
**************** LOG SESSION START ON 22/03/2017 00:00:00 AT 11:30:20.3060962 ****************
22/03/2017 11:30:20: Reading Application Settings from path: D:\TallyBridgeTool\DLL
**************** LOG SESSION START ON 22/03/2017 00:00:00 AT 11:42:12.1024116 ****************
22/03/2017 11:42:12: Reading Application Settings from path: D:\TallyBridgeTool\DLL
**************** LOG SESSION START ON 22/03/2017 00:00:00 AT 11:45:48.9968765 ****************
22/03/2017 11:45:48: Reading Application Settings from path: D:\TallyBridgeTool\DLL
22/03/2017 11:45:51: Inside DoTransferVoucher
22/03/2017 11:45:51: Checking credentials...
22/03/2017 11:45:51: Checking serial no...
22/03/2017 11:45:52: Response from Tally: "0",

22/03/2017 11:45:52: License Check 1 Passed...
22/03/2017 11:45:52: DLL folder path: D:\TallyBridgeTool\DLL
22/03/2017 11:45:52: License Check 2 Passed...
22/03/2017 11:45:52: License Check 3 Passed...
22/03/2017 11:45:52: License Check 4 Passed...
22/03/2017 11:45:52: Tally Company Name: Mieone
22/03/2017 11:45:52: Loading Voucher Types for company
22/03/2017 11:45:52: No. of Voucher Types Loaded: 24
22/03/2017 11:45:52: Processing Request for Voucher Type: Sales, Type of Voucher: Sales
22/03/2017 11:45:52: Uploading Voucher no. 1
**************** LOG SESSION START ON 22/03/2017 00:00:00 AT 11:47:35.6008453 ****************
22/03/2017 11:47:35: Reading Application Settings from path: D:\TallyBridgeTool\DLL
**************** LOG SESSION START ON 22/03/2017 00:00:00 AT 11:52:15.5635484 ****************
22/03/2017 11:52:15: Reading Application Settings from path: D:\TallyBridgeTool\DLL
**************** LOG SESSION START ON 22/03/2017 00:00:00 AT 12:01:42.0675293 ****************
22/03/2017 12:01:42: Reading Application Settings from path: D:\TallyBridgeTool\DLL
**************** LOG SESSION START ON 22/03/2017 00:00:00 AT 12:05:41.6535068 ****************
22/03/2017 12:05:41: Reading Application Settings from path: D:\TallyBridgeTool\DLL
**************** LOG SESSION START ON 22/03/2017 00:00:00 AT 12:15:25.8833812 ****************
22/03/2017 12:15:25: Reading Application Settings from path: D:\TallyBridgeTool\DLL
**************** LOG SESSION START ON 22/03/2017 00:00:00 AT 12:18:17.5470904 ****************
22/03/2017 12:18:17: Reading Application Settings from path: D:\TallyBridgeTool\DLL
**************** LOG SESSION START ON 23/03/2017 00:00:00 AT 17:48:40.6863160 ****************
23/03/2017 17:48:40: Reading Application Settings from path: D:\TallyBridgeTool\DLL
**************** LOG SESSION START ON 23/03/2017 00:00:00 AT 17:49:44.9548944 ****************
23/03/2017 17:49:44: Reading Application Settings from path: D:\TallyBridgeTool\DLL
**************** LOG SESSION START ON 23/03/2017 00:00:00 AT 17:50:06.8769024 ****************
23/03/2017 17:50:06: Reading Application Settings from path: D:\TallyBridgeTool\DLL
**************** LOG SESSION START ON 23/03/2017 00:00:00 AT 17:50:52.6244032 ****************
23/03/2017 17:50:52: Reading Application Settings from path: D:\TallyBridgeTool\DLL
23/03/2017 17:52:20: Checking credentials...
23/03/2017 17:52:20: Checking serial no...
23/03/2017 17:52:20: Response from Tally: "0",

23/03/2017 17:52:20: License Check 1 Passed...
23/03/2017 17:52:20: DLL folder path: D:\TallyBridgeTool\DLL
23/03/2017 17:52:20: License Check 2 Passed...
23/03/2017 17:52:20: License Check 3 Passed...
23/03/2017 17:52:20: License Check 4 Passed...
23/03/2017 17:52:20: Uploading Ledger: Aravind 123
**************** LOG SESSION START ON 23/03/2017 00:00:00 AT 17:52:59.6618858 ****************
23/03/2017 17:52:59: Reading Application Settings from path: D:\TallyBridgeTool\DLL
**************** LOG SESSION START ON 24/03/2017 00:00:00 AT 14:46:55.9048205 ****************
24/03/2017 14:46:55: Reading Application Settings from path: D:\TallyBridgeTool\DLL
**************** LOG SESSION START ON 24/03/2017 00:00:00 AT 16:07:58.9851320 ****************
24/03/2017 16:07:58: Reading Application Settings from path: D:\TallyBridgeTool\DLL
**************** LOG SESSION START ON 24/03/2017 00:00:00 AT 16:35:33.8476563 ****************
24/03/2017 16:35:33: Reading Application Settings from path: D:\TallyBridgeTool\DLL
**************** LOG SESSION START ON 24/03/2017 00:00:00 AT 16:36:35.7923955 ****************
24/03/2017 16:36:35: Reading Application Settings from path: D:\TallyBridgeTool\DLL
24/03/2017 16:36:37: Inside DoTransferVoucher
24/03/2017 16:36:37: Checking credentials...
24/03/2017 16:36:37: Checking serial no...
24/03/2017 16:36:37: Response from Tally: "0",

24/03/2017 16:36:37: License Check 1 Passed...
24/03/2017 16:36:37: DLL folder path: D:\TallyBridgeTool\DLL
24/03/2017 16:36:37: License Check 2 Passed...
24/03/2017 16:36:37: License Check 3 Passed...
24/03/2017 16:36:37: License Check 4 Passed...
24/03/2017 16:36:37: Tally Company Name: Mieone
24/03/2017 16:36:37: Loading Voucher Types for company
24/03/2017 16:36:37: No. of Voucher Types Loaded: 24
24/03/2017 16:36:37: Processing Request for Voucher Type: Sales, Type of Voucher: Sales
24/03/2017 16:36:37: Uploading Voucher no. 1
